<?xml version="1.0" encoding="UTF-8"?>
<testng-results ignored="2" total="2" passed="0" failed="0" skipped="0">
  <reporter-output>
  </reporter-output>
  <suite started-at="2023-07-15T18:14:28 CEST" name="Para Bank App Test Suite" finished-at="2023-07-15T18:14:28 CEST" duration-ms="155">
    <groups>
    </groups>
    <test started-at="2023-07-15T18:14:28 CEST" name="Account Registration Test" finished-at="2023-07-15T18:14:28 CEST" duration-ms="17">
    </test> <!-- Account Registration Test -->
    <test started-at="2023-07-15T18:14:28 CEST" name="Login Test" finished-at="2023-07-15T18:14:28 CEST" duration-ms="1">
    </test> <!-- Login Test -->
  </suite> <!-- Para Bank App Test Suite -->
</testng-results>
